  add.cpp
  food.cpp
C:\Users\csw\Desktop\JangBoGi\JangBoGi\food.cpp(95,13): warning C4244: '=': 'double'에서 'int'(으)로 변환하면서 데이터가 손실될 수 있습니다.
C:\Users\csw\Desktop\JangBoGi\JangBoGi\food.cpp(168,12): warning C4018: '<': signed 또는 unsigned가 일치하지 않습니다.
C:\Users\csw\Desktop\JangBoGi\JangBoGi\food.cpp(172,10): warning C4018: '<': signed 또는 unsigned가 일치하지 않습니다.
C:\Users\csw\Desktop\JangBoGi\JangBoGi\food.cpp(183,12): warning C4018: '<': signed 또는 unsigned가 일치하지 않습니다.
C:\Users\csw\Desktop\JangBoGi\JangBoGi\food.cpp(187,10): warning C4018: '<': signed 또는 unsigned가 일치하지 않습니다.
C:\Users\csw\Desktop\JangBoGi\JangBoGi\food.cpp(198,12): warning C4018: '<': signed 또는 unsigned가 일치하지 않습니다.
C:\Users\csw\Desktop\JangBoGi\JangBoGi\food.cpp(200,10): warning C4018: '<': signed 또는 unsigned가 일치하지 않습니다.
C:\Users\csw\Desktop\JangBoGi\JangBoGi\food.cpp(211,12): warning C4018: '<': signed 또는 unsigned가 일치하지 않습니다.
C:\Users\csw\Desktop\JangBoGi\JangBoGi\food.cpp(213,10): warning C4018: '<': signed 또는 unsigned가 일치하지 않습니다.
C:\Users\csw\Desktop\JangBoGi\JangBoGi\food.cpp(224,12): warning C4018: '<': signed 또는 unsigned가 일치하지 않습니다.
C:\Users\csw\Desktop\JangBoGi\JangBoGi\food.cpp(226,10): warning C4018: '<': signed 또는 unsigned가 일치하지 않습니다.
C:\Users\csw\Desktop\JangBoGi\JangBoGi\food.cpp(238,12): warning C4018: '<': signed 또는 unsigned가 일치하지 않습니다.
C:\Users\csw\Desktop\JangBoGi\JangBoGi\food.cpp(240,10): warning C4018: '<': signed 또는 unsigned가 일치하지 않습니다.
C:\Users\csw\Desktop\JangBoGi\JangBoGi\food.cpp(255,12): warning C4018: '<': signed 또는 unsigned가 일치하지 않습니다.
C:\Users\csw\Desktop\JangBoGi\JangBoGi\food.cpp(268,12): warning C4018: '<': signed 또는 unsigned가 일치하지 않습니다.
C:\Users\csw\Desktop\JangBoGi\JangBoGi\food.cpp(281,12): warning C4018: '<': signed 또는 unsigned가 일치하지 않습니다.
C:\Users\csw\Desktop\JangBoGi\JangBoGi\food.cpp(292,12): warning C4018: '<': signed 또는 unsigned가 일치하지 않습니다.
C:\Users\csw\Desktop\JangBoGi\JangBoGi\food.cpp(303,12): warning C4018: '<': signed 또는 unsigned가 일치하지 않습니다.
C:\Users\csw\Desktop\JangBoGi\JangBoGi\food.cpp(314,12): warning C4018: '<': signed 또는 unsigned가 일치하지 않습니다.
  home.cpp
  main.cpp
  menu.cpp
  코드를 생성하고 있습니다...
C:\Users\csw\Desktop\JangBoGi\JangBoGi\home.cpp(90): warning C4715: 'keyControl': 모든 제어 경로에서 값을 반환하지는 않습니다.
  JangBoGi.vcxproj -> C:\Users\csw\Desktop\JangBoGi\Debug\JangBoGi.exe
